<?xml version="1.0" encoding="UTF-8"?>
<!-- Generated by org.testng.reporters.JUnitReportReporter -->
<testsuite skipped="0" hostname="LAPTOP-2513UC9B" name="test.HomePageTestClass" tests="2" failures="0" timestamp="26 Jul 2022 05:08:01 GMT" time="0.059" errors="0">
  <testcase name="verifyTheTextOnHomePage" time="0.042" classname="test.HomePageTestClass"/>
  <testcase name="verifyTheHomePageTitle" time="0.017" classname="test.HomePageTestClass"/>
</testsuite> <!-- test.HomePageTestClass -->
