<?xml version="1.0" encoding="UTF-8"?>
<!-- Generated by org.testng.reporters.JUnitReportReporter -->
<testsuite skipped="0" hostname="LAPTOP-2513UC9B" name="test.HomePageTestClass" tests="2" failures="0" timestamp="17 Jul 2022 05:43:55 GMT" time="0.079" errors="0">
  <testcase name="verifyTheHomePageTitle" time="0.022" classname="test.HomePageTestClass"/>
  <testcase name="verifyTheTextOnHomePage" time="0.057" classname="test.HomePageTestClass"/>
</testsuite> <!-- test.HomePageTestClass -->
