<?xml version="1.0" encoding="UTF-8"?>
<!-- Generated by org.testng.reporters.JUnitReportReporter -->
<testsuite skipped="0" hostname="LAPTOP-2513UC9B" name="test.HomePageTestClass" tests="2" failures="0" timestamp="05 Jul 2022 05:28:02 GMT" time="0.095" errors="0">
  <testcase name="verifyTheHomePageTitle" time="0.016" classname="test.HomePageTestClass"/>
  <testcase name="verifyTheTextOnHomePage" time="0.079" classname="test.HomePageTestClass"/>
</testsuite> <!-- test.HomePageTestClass -->
